<?xml version="1.0" encoding="UTF-8"?>
<!-- Generated by org.testng.reporters.JUnitXMLReporter -->
<testsuite hostname="hp-PC" ignored="0" name="Test" tests="1" failures="1" timestamp="12 Dec 2018 17:06:57 GMT" time="14.152" errors="0">
  <testcase name="gettitle" time="0.151" classname="com.facebook.test.test">
    <failure type="java.lang.AssertionError" message="expected [Facebook – log in or sign up] but found [Log in to Facebook | Facebook]">
      <![CDATA[java.lang.AssertionError: expected [Facebook – log in or sign up] but found [Log in to Facebook | Facebook]
	at com.facebook.test.test.gettitle(test.java:30)
... Removed 31 stack frames]]>
    </failure>
  </testcase> <!-- gettitle -->
</testsuite> <!-- Test -->
