<?xml version="1.0" encoding="UTF-8"?>
<testng-results skipped="0" failed="0" ignored="0" total="1" passed="1">
  <reporter-output>
  </reporter-output>
  <suite name="Suite" duration-ms="20051" started-at="2018-08-31T17:50:23Z" finished-at="2018-08-31T17:50:43Z">
    <groups>
    </groups>
    <test name="Test" duration-ms="20051" started-at="2018-08-31T17:50:23Z" finished-at="2018-08-31T17:50:43Z">
      <class name="com.selenium.test.test">
        <test-method status="PASS" signature="browser()[pri:0, instance:com.selenium.test.test@26653222]" name="browser" duration-ms="20008" started-at="2018-08-31T23:20:23Z" finished-at="2018-08-31T23:20:43Z">
          <reporter-output>
          </reporter-output>
        </test-method> <!-- browser -->
      </class> <!-- com.selenium.test.test -->
    </test> <!-- Test -->
  </suite> <!-- Suite -->
</testng-results>
