<?xml version="1.0" encoding="UTF-8"?>
<testng-results skipped="0" failed="0" ignored="0" total="1" passed="1">
  <reporter-output>
  </reporter-output>
  <suite name="Default suite" duration-ms="88373" started-at="2018-09-26T18:28:04Z" finished-at="2018-09-26T18:29:32Z">
    <groups>
    </groups>
    <test name="Default test" duration-ms="88373" started-at="2018-09-26T18:28:04Z" finished-at="2018-09-26T18:29:32Z">
      <class name="com.selenium.test.test">
        <test-method status="PASS" signature="browser()[pri:0, instance:com.selenium.test.test@3ffc5af1]" name="browser" duration-ms="88304" started-at="2018-09-26T23:58:04Z" finished-at="2018-09-26T23:59:32Z">
          <reporter-output>
          </reporter-output>
        </test-method> <!-- browser -->
      </class> <!-- com.selenium.test.test -->
    </test> <!-- Default test -->
  </suite> <!-- Default suite -->
</testng-results>
